1662
0
1
dd-a 1992
1
1
e-b 1992
2
1
a-c 1992
3
1
ca-d 1992
4
1
bch-e 1992
5
1
bc-f 1992
6
1
f-g 1992
7
1
a-h 1992
8
1
eb-i 1992
9
1
g-j 1992
10
1
bi-ba 1992
11
1
bg-bb 1992
12
1
bh-bc 1992
13
1
a-bd 1992
14
1
babg-be 1992
15
1
b-bf 1992
16
1
jf-bg 1992
17
1
bee-bh 1992
18
1
babg-bi 1992
19
1
bgg-bj 1992
20
1
cd-ca 1992
21
1
bg-cb 1992
22
1
a-cc 1992
23
1
cb-cd 1992
24
1
i-ce 1992
25
1
def-cf 1992
26
1
ca-cg 1992
27
1
jgg-ch 1992
28
1
be-ci 1992
29
1
cg-cj 1992
30
1
ea-da 1992
31
1
id-db 1992
32
1
ba-dc 1992
33
1
cj-dd 1992
34
1
di-de 1992
35
1
ebe-df 1992
36
1
eg-dg 1992
37
1
j-dh 1992
38
1
bgf-di 1992
39
1
bbj-dj 1992
40
1
bjj-ea 1992
41
1
bi-eb 1992
42
1
bd-ec 1992
43
1
bfe-ed 1992
44
1
bhc-ee 1992
45
1
bca-ef 1992
46
1
bcd-eg 1992
47
1
bbfg-eh 1992
48
1
bhj-ei 1992
49
1
db-ej 1992
50
1
bc-fa 1992
51
1
bj-fb 1992
52
1
dch-fc 1992
53
1
je-fd 1992
54
1
bc-fe 1992
55
1
ic-ff 1992
56
1
h-fg 1992
57
1
cg-fh 1992
58
1
eb-fi 1992
59
1
he-fj 1992
60
1
dac-ga 1992
61
1
hf-gb 1992
62
1
bfb-gc 1992
63
1
c-gd 1992
64
1
ii-ge 1992
65
1
fic-gf 1992
66
1
bh-gg 1992
67
1
bbf-gh 1992
68
1
ib-gi 1992
69
1
hh-gj 1992
70
1
dc-ha 1992
71
1
ba-hb 1992
72
1
bfj-hc 1992
73
1
ced-hd 1992
74
1
da-he 1992
75
1
bjh-hf 1992
76
1
bbe-hg 1992
77
1
chc-hh 1992
78
1
baec-hi 1992
79
1
cja-hj 1992
80
1
bej-ia 1992
81
1
ih-ib 1992
82
1
ebi-ic 1992
83
1
gbg-id 1992
84
1
bjd-ie 1992
85
1
baj-if 1992
86
1
bda-ig 1992
87
1
bba-ih 1992
88
1
dgc-ii 1992
89
1
ce-ij 1992
90
1
cgj-ja 1992
91
1
bbj-jb 1992
92
1
fg-jc 1992
93
1
be-jd 1992
94
1
jf-je 1992
95
1
fa-jf 1992
96
1
ec-jg 1992
97
1
eg-jh 1992
98
1
fdh-ji 1992
99
1
cac-jj 1992
100
1
dba-baa 1992
101
1
eic-bab 1992
102
1
da-bac 1992
103
1
d-bad 1992
104
1
cd-bae 1992
105
1
be-baf 1992
106
1
bj-bag 1992
107
1
ihf-bah 1992
108
1
cfj-bai 1992
109
1
db-baj 1992
110
1
gdc-bba 1992
111
1
bbh-bbb 1992
112
1
bcb-bbc 1992
113
1
bbi-bbd 1992
114
1
gcc-bbe 1992
115
1
bej-bbf 1992
116
1
fbi-bbg 1992
117
1
jh-bbh 1992
118
1
hf-bbi 1992
119
1
cfi-bbj 1992
120
1
ib-bca 1992
121
1
ia-bcb 1992
122
1
jg-bcc 1992
123
1
gc-bcd 1992
124
1
bagd-bce 1992
125
1
eij-bcf 1992
126
1
baj-bcg 1992
127
1
h-bch 1992
128
1
bbe-bci 1992
129
1
bfj-bcj 1992
130
1
eh-bda 1992
131
1
hhf-bdb 1992
132
1
fee-bdc 1992
133
1
chi-bdd 1992
134
1
bdi-bde 1992
135
1
daf-bdf 1992
136
1
bgf-bdg 1992
137
1
dah-bdh 1992
138
1
iic-bdi 1992
139
1
ia-bdj 1992
140
1
bei-bea 1992
141
1
djg-beb 1992
142
1
ica-bec 1992
143
1
bhc-bed 1992
144
1
fa-bee 1992
145
1
dbh-bef 1992
146
1
bef-beg 1992
147
1
ih-beh 1992
148
1
i-bei 1992
149
1
fif-bej 1992
150
1
hd-bfa 1992
151
1
ig-bfb 1992
152
1
dee-bfc 1992
153
1
edi-bfd 1992
154
1
fih-bfe 1992
155
1
cdb-bff 1992
156
1
bf-bfg 1992
157
1
gg-bfh 1992
158
1
deg-bfi 1992
159
1
jjj-bfj 1992
160
1
dij-bga 1992
161
1
hea-bgb 1992
162
1
bfa-bgc 1992
163
1
edg-bgd 1992
164
1
gj-bge 1992
165
1
bfb-bgf 1992
166
1
cca-bgg 1992
167
1
fc-bgh 1992
168
1
bed-bgi 1992
169
1
gf-bgj 1992
170
1
bff-bha 1992
171
1
fcb-bhb 1992
172
1
bfe-bhc 1992
173
1
hj-bhd 1992
174
1
daa-bhe 1992
175
1
ech-bhf 1992
176
1
cfi-bhg 1992
177
1
cbc-bhh 1992
178
1
eaj-bhi 1992
179
1
ghd-bhj 1992
180
1
edc-bia 1992
181
1
bbb-bib 1992
182
1
eee-bic 1992
183
1
gg-bid 1992
184
1
bbc-bie 1992
185
1
jh-bif 1992
186
1
feb-big 1992
187
1
hh-bih 1992
188
1
dfa-bii 1992
189
1
jd-bij 1992
190
1
gaf-bja 1992
191
1
chb-bjb 1992
192
1
eia-bjc 1992
193
1
bij-bjd 1992
194
1
cj-bje 1992
195
1
ecg-bjf 1992
196
1
caf-bjg 1992
197
1
cee-bjh 1992
198
1
fdj-bji 1992
199
1
bag-bjj 1992
200
1
dfi-caa 1992
201
1
daf-cab 1992
202
1
cgb-cac 1992
203
1
ege-cad 1992
204
1
hhb-cae 1992
205
1
dh-caf 1992
206
1
cdb-cag 1992
207
1
cce-cah 1992
208
1
bib-cai 1992
209
1
dda-caj 1992
210
1
bfi-cba 1992
211
1
ca-cbb 1992
212
1
baag-cbc 1992
213
1
gh-cbd 1992
214
1
bji-cbe 1992
215
1
cih-cbf 1992
216
1
ii-cbg 1992
217
1
cba-cbh 1992
218
1
bcc-cbi 1992
219
1
db-cbj 1992
220
1
bdc-cca 1992
221
1
ejj-ccb 1992
222
1
ecg-ccc 1992
223
1
cai-ccd 1992
224
1
cai-cce 1992
225
1
cbf-ccf 1992
226
1
hjh-ccg 1992
227
1
bei-cch 1992
228
1
bgd-cci 1992
229
1
cch-ccj 1992
230
1
daj-cda 1992
231
1
gf-cdb 1992
232
1
bhj-cdc 1992
233
1
db-cdd 1992
234
1
bcg-cde 1992
235
1
bbh-cdf 1992
236
1
cid-cdg 1992
237
1
cbf-cdh 1992
238
1
ib-cdi 1992
239
1
bfh-cdj 1992
240
1
jaj-cea 1992
241
1
ccc-ceb 1992
242
1
bdg-cec 1992
243
1
cah-ced 1992
244
1
bia-cee 1992
245
1
dai-cef 1992
246
1
iag-ceg 1992
247
1
eeg-ceh 1992
248
1
ebh-cei 1992
249
1
cgf-cej 1992
250
1
cj-cfa 1992
251
1
cea-cfb 1992
252
1
dd-cfc 1992
253
1
geb-cfd 1992
254
1
dag-cfe 1992
255
1
bji-cff 1992
256
1
bfa-cfg 1992
257
1
f-cfh 1992
258
1
bed-cfi 1992
259
1
efb-cfj 1992
260
1
chj-cga 1992
261
1
gdf-cgb 1992
262
1
cef-cgc 1992
263
1
bafi-cgd 1992
264
1
ie-cge 1992
265
1
bcgf-cgf 1992
266
1
bj-cgg 1992
267
1
cci-cgh 1992
268
1
fdh-cgi 1992
269
1
cig-cgj 1992
270
1
dhj-cha 1992
271
1
cej-chb 1992
272
1
gfj-chc 1992
273
1
ch-chd 1992
274
1
dbj-che 1992
275
1
ge-chf 1992
276
1
egi-chg 1992
277
1
ca-chh 1992
278
1
jeh-chi 1992
279
1
i-chj 1992
280
1
bhg-cia 1992
281
1
d-cib 1992
282
1
igc-cic 1992
283
1
cce-cid 1992
284
1
cij-cie 1992
285
1
dgb-cif 1992
286
1
hbj-cig 1992
287
1
icg-cih 1992
288
1
cah-cii 1992
289
1
fdj-cij 1992
290
1
cfc-cja 1992
291
1
dbe-cjb 1992
292
1
ci-cjc 1992
293
1
eje-cjd 1992
294
1
bbi-cje 1992
295
1
h-cjf 1992
296
1
caf-cjg 1992
297
1
dci-cjh 1992
298
1
bb-cji 1992
299
1
cha-cjj 1992
300
1
fh-daa 1992
301
1
bef-dab 1992
302
1
bgi-dac 1992
303
1
cda-dad 1992
304
1
bhi-dae 1992
305
1
bdcb-daf 1992
306
1
dc-dag 1992
307
1
ihj-dah 1992
308
1
ba-dai 1992
309
1
dhe-daj 1992
310
1
dfd-dba 1992
311
1
dfc-dbb 1992
312
1
ge-dbc 1992
313
1
bdjf-dbd 1992
314
1
edc-dbe 1992
315
1
gib-dbf 1992
316
1
iag-dbg 1992
317
1
a-dbh 1992
318
1
bgh-dbi 1992
319
1
bb-dbj 1992
320
1
jbi-dca 1992
321
1
eda-dcb 1992
322
1
eie-dcc 1992
323
1
jg-dcd 1992
324
1
che-dce 1992
325
1
hf-dcf 1992
326
1
cd-dcg 1992
327
1
jai-dch 1992
328
1
ccc-dci 1992
329
1
jcg-dcj 1992
330
1
dai-dda 1992
331
1
ddd-ddb 1992
332
1
cb-ddc 1992
333
1
gfa-ddd 1992
334
1
dbe-dde 1992
335
1
ha-ddf 1992
336
1
cdi-ddg 1992
337
1
baa-ddh 1992
338
1
dbi-ddi 1992
339
1
ecg-ddj 1992
340
1
edh-dea 1992
341
1
cfd-deb 1992
342
1
bg-dec 1992
343
1
dch-ded 1992
344
1
dfh-dee 1992
345
1
jfi-def 1992
346
1
djj-deg 1992
347
1
bhi-deh 1992
348
1
eed-dei 1992
349
1
eh-dej 1992
350
1
gfg-dfa 1992
351
1
bed-dfb 1992
352
1
eb-dfc 1992
353
1
gcb-dfd 1992
354
1
ii-dfe 1992
355
1
egc-dff 1992
356
1
hce-dfg 1992
357
1
cgj-dfh 1992
358
1
egd-dfi 1992
359
1
ebc-dfj 1992
360
1
cb-dga 1992
361
1
bba-dgb 1992
362
1
ha-dgc 1992
363
1
feh-dgd 1992
364
1
ggh-dge 1992
365
1
dbe-dgf 1992
366
1
ffg-dgg 1992
367
1
big-dgh 1992
368
1
bbf-dgi 1992
369
1
ghb-dgj 1992
370
1
dhg-dha 1992
371
1
bajb-dhb 1992
372
1
ccd-dhc 1992
373
1
fhc-dhd 1992
374
1
dca-dhe 1992
375
1
dbj-dhf 1992
376
1
begf-dhg 1992
377
1
bfj-dhh 1992
378
1
bcab-dhi 1992
379
1
begh-dhj 1992
380
1
eee-dia 1992
381
1
ffd-dib 1992
382
1
dih-dic 1992
383
1
hh-did 1992
384
1
fig-die 1992
385
1
bbdh-dif 1992
386
1
hac-dig 1992
387
1
dah-dih 1992
388
1
fgc-dii 1992
389
1
cga-dij 1992
390
1
cba-dja 1992
391
1
ffj-djb 1992
392
1
ddi-djc 1992
393
1
fcb-djd 1992
394
1
f-dje 1992
395
1
di-djf 1992
396
1
jbc-djg 1992
397
1
cdc-djh 1992
398
1
bahj-dji 1992
399
1
caj-djj 1992
400
1
dbj-eaa 1992
401
1
gdb-eab 1992
402
1
jhi-eac 1992
403
1
bgd-ead 1992
404
1
fhi-eae 1992
405
1
jc-eaf 1992
406
1
bge-eag 1992
407
1
dde-eah 1992
408
1
efh-eai 1992
409
1
dfj-eaj 1992
410
1
cja-eba 1992
411
1
fac-ebb 1992
412
1
baej-ebc 1992
413
1
badb-ebd 1992
414
1
cfg-ebe 1992
415
1
bge-ebf 1992
416
1
eca-ebg 1992
417
1
hdg-ebh 1992
418
1
ebd-ebi 1992
419
1
ghd-ebj 1992
420
1
eh-eca 1992
421
1
cde-ecb 1992
422
1
fbh-ecc 1992
423
1
bcfb-ecd 1992
424
1
ici-ece 1992
425
1
egi-ecf 1992
426
1
fbc-ecg 1992
427
1
jjc-ech 1992
428
1
dh-eci 1992
429
1
bbhj-ecj 1992
430
1
igj-eda 1992
431
1
gdd-edb 1992
432
1
ihi-edc 1992
433
1
bai-edd 1992
434
1
cbj-ede 1992
435
1
ffi-edf 1992
436
1
bgd-edg 1992
437
1
dah-edh 1992
438
1
egf-edi 1992
439
1
cfb-edj 1992
440
1
bgj-eea 1992
441
1
hgh-eeb 1992
442
1
bha-eec 1992
443
1
cbj-eed 1992
444
1
fgi-eee 1992
445
1
ceg-eef 1992
446
1
dda-eeg 1992
447
1
fbd-eeh 1992
448
1
jdh-eei 1992
449
1
bbif-eej 1992
450
1
jia-efa 1992
451
1
cfh-efb 1992
452
1
daj-efc 1992
453
1
igj-efd 1992
454
1
ija-efe 1992
455
1
chj-eff 1992
456
1
bfa-efg 1992
457
1
bbeg-efh 1992
458
1
cbj-efi 1992
459
1
ejj-efj 1992
460
1
jca-ega 1992
461
1
hic-egb 1992
462
1
ddc-egc 1992
463
1
ijh-egd 1992
464
1
dib-ege 1992
465
1
eae-egf 1992
466
1
idd-egg 1992
467
1
fa-egh 1992
468
1
hef-egi 1992
469
1
ehh-egj 1992
470
1
bfh-eha 1992
471
1
bh-ehb 1992
472
1
ece-ehc 1992
473
1
dfd-ehd 1992
474
1
bebj-ehe 1992
475
1
caa-ehf 1992
476
1
f-ehg 1992
477
1
dcc-ehh 1992
478
1
big-ehi 1992
479
1
bcgj-ehj 1992
480
1
efc-eia 1992
481
1
ehj-eib 1992
482
1
gd-eic 1992
483
1
bddi-eid 1992
484
1
baf-eie 1992
485
1
fdf-eif 1992
486
1
ede-eig 1992
487
1
efh-eih 1992
488
1
bfdi-eii 1992
489
1
chi-eij 1992
490
1
hej-eja 1992
491
1
ibd-ejb 1992
492
1
eia-ejc 1992
493
1
ige-ejd 1992
494
1
ebj-eje 1992
495
1
gb-ejf 1992
496
1
ghb-ejg 1992
497
1
iaa-ejh 1992
498
1
dih-eji 1992
499
1
chf-ejj 1992
500
1
dfb-faa 1992
501
1
dbf-fab 1992
502
1
hf-fac 1992
503
1
dih-fad 1992
504
1
hih-fae 1992
505
1
ghj-faf 1992
506
1
hcd-fag 1992
507
1
bid-fah 1992
508
1
badj-fai 1992
509
1
faa-faj 1992
510
1
cdi-fba 1992
511
1
fic-fbb 1992
512
1
baag-fbc 1992
513
1
eai-fbd 1992
514
1
ii-fbe 1992
515
1
jbh-fbf 1992
516
1
bhb-fbg 1992
517
1
j-fbh 1992
518
1
h-fbi 1992
519
1
fch-fbj 1992
520
1
dce-fca 1992
521
1
fij-fcb 1992
522
1
fjh-fcc 1992
523
1
ghg-fcd 1992
524
1
efh-fce 1992
525
1
baib-fcf 1992
526
1
gcc-fcg 1992
527
1
fcf-fch 1992
528
1
hdi-fci 1992
529
1
fcg-fcj 1992
530
1
bhj-fda 1992
531
1
bcga-fdb 1992
532
1
bahi-fdc 1992
533
1
bfha-fdd 1992
534
1
egb-fde 1992
535
1
ibe-fdf 1992
536
1
if-fdg 1992
537
1
che-fdh 1992
538
1
bh-fdi 1992
539
1
ggc-fdj 1992
540
1
bdcd-fea 1992
541
1
big-feb 1992
542
1
dbe-fec 1992
543
1
dag-fed 1992
544
1
bfh-fee 1992
545
1
bbfh-fef 1992
546
1
ijc-feg 1992
547
1
bbdc-feh 1992
548
1
begd-fei 1992
549
1
cff-fej 1992
550
1
idb-ffa 1992
551
1
i-ffb 1992
552
1
ejg-ffc 1992
553
1
eia-ffd 1992
554
1
bgj-ffe 1992
555
1
chc-fff 1992
556
1
ffi-ffg 1992
557
1
fja-ffh 1992
558
1
efg-ffi 1992
559
1
gfi-ffj 1992
560
1
bbhg-fga 1992
561
1
gff-fgb 1992
562
1
eg-fgc 1992
563
1
bie-fgd 1992
564
1
bfg-fge 1992
565
1
fhh-fgf 1992
566
1
bih-fgg 1992
567
1
jjf-fgh 1992
568
1
fjj-fgi 1992
569
1
dei-fgj 1992
570
1
bfi-fha 1992
571
1
beaa-fhb 1992
572
1
dg-fhc 1992
573
1
cih-fhd 1992
574
1
ebh-fhe 1992
575
1
dhj-fhf 1992
576
1
fjc-fhg 1992
577
1
fde-fhh 1992
578
1
bja-fhi 1992
579
1
bgj-fhj 1992
580
1
cdd-fia 1992
581
1
fgb-fib 1992
582
1
hgg-fic 1992
583
1
hh-fid 1992
584
1
ffb-fie 1992
585
1
ibj-fif 1992
586
1
eib-fig 1992
587
1
bcc-fih 1992
588
1
fce-fii 1992
589
1
jie-fij 1992
590
1
bhg-fja 1992
591
1
caa-fjb 1992
592
1
bd-fjc 1992
593
1
ed-fjd 1992
594
1
fdj-fje 1992
595
1
jcc-fjf 1992
596
1
f-fjg 1992
597
1
baij-fjh 1992
598
1
fij-fji 1992
599
1
gj-fjj 1992
600
1
gbb-gaa 1992
601
1
ca-gab 1992
602
1
ijf-gac 1992
603
1
bf-gad 1992
604
1
cfd-gae 1992
605
1
bjh-gaf 1992
606
1
bafe-gag 1992
607
1
dch-gah 1992
608
1
daa-gai 1992
609
1
ccf-gaj 1992
610
1
gcb-gba 1992
611
1
fab-gbb 1992
612
1
hb-gbc 1992
613
1
fcb-gbd 1992
614
1
bbch-gbe 1992
615
1
fa-gbf 1992
616
1
bbcb-gbg 1992
617
1
dje-gbh 1992
618
1
ej-gbi 1992
619
1
eaa-gbj 1992
620
1
iid-gca 1992
621
1
bafh-gcb 1992
622
1
gi-gcc 1992
623
1
ja-gcd 1992
624
1
bfh-gce 1992
625
1
daf-gcf 1992
626
1
chg-gcg 1992
627
1
fjh-gch 1992
628
1
gid-gci 1992
629
1
ebb-gcj 1992
630
1
dha-gda 1992
631
1
eah-gdb 1992
632
1
cah-gdc 1992
633
1
dgb-gdd 1992
634
1
gah-gde 1992
635
1
bchf-gdf 1992
636
1
gfd-gdg 1992
637
1
iih-gdh 1992
638
1
fde-gdi 1992
639
1
gh-gdj 1992
640
1
eaa-gea 1992
641
1
fcb-geb 1992
642
1
ig-gec 1992
643
1
haj-ged 1992
644
1
dda-gee 1992
645
1
dad-gef 1992
646
1
cie-geg 1992
647
1
gah-geh 1992
648
1
ffa-gei 1992
649
1
fec-gej 1992
650
1
bgj-gfa 1992
651
1
bcbi-gfb 1992
652
1
ccf-gfc 1992
653
1
gca-gfd 1992
654
1
bif-gfe 1992
655
1
egd-gff 1992
656
1
chc-gfg 1992
657
1
jaj-gfh 1992
658
1
becd-gfi 1992
659
1
bdba-gfj 1992
660
1
hhe-gga 1992
661
1
bee-ggb 1992
662
1
iea-ggc 1992
663
1
hed-ggd 1992
664
1
dbj-gge 1992
665
1
jfj-ggf 1992
666
1
bih-ggg 1992
667
1
cab-ggh 1992
668
1
hae-ggi 1992
669
1
hai-ggj 1992
670
1
gii-gha 1992
671
1
bji-ghb 1992
672
1
beid-ghc 1992
673
1
egj-ghd 1992
674
1
gee-ghe 1992
675
1
ggb-ghf 1992
676
1
fdj-ghg 1992
677
1
gdc-ghh 1992
678
1
hai-ghi 1992
679
1
hec-ghj 1992
680
1
ccg-gia 1992
681
1
ehj-gib 1992
682
1
dhi-gic 1992
683
1
ddg-gid 1992
684
1
ha-gie 1992
685
1
dfb-gif 1992
686
1
bbe-gig 1992
687
1
fic-gih 1992
688
1
edf-gii 1992
689
1
ehh-gij 1992
690
1
fha-gja 1992
691
1
ebc-gjb 1992
692
1
hji-gjc 1992
693
1
cba-gjd 1992
694
1
eca-gje 1992
695
1
ieg-gjf 1992
696
1
egg-gjg 1992
697
1
fgi-gjh 1992
698
1
ghe-gji 1992
699
1
cg-gjj 1992
700
1
bcea-haa 1992
701
1
bcfg-hab 1992
702
1
eif-hac 1992
703
1
hd-had 1992
704
1
chi-hae 1992
705
1
cdd-haf 1992
706
1
bcgb-hag 1992
707
1
efj-hah 1992
708
1
hfh-hai 1992
709
1
hjd-haj 1992
710
1
gee-hba 1992
711
1
cfb-hbb 1992
712
1
bdif-hbc 1992
713
1
iah-hbd 1992
714
1
edh-hbe 1992
715
1
fcf-hbf 1992
716
1
egh-hbg 1992
717
1
ci-hbh 1992
718
1
bdid-hbi 1992
719
1
bedf-hbj 1992
720
1
ejj-hca 1992
721
1
igd-hcb 1992
722
1
id-hcc 1992
723
1
ghf-hcd 1992
724
1
dha-hce 1992
725
1
bbae-hcf 1992
726
1
bfd-hcg 1992
727
1
jcb-hch 1992
728
1
baef-hci 1992
729
1
bbbg-hcj 1992
730
1
eda-hda 1992
731
1
jh-hdb 1992
732
1
cbi-hdc 1992
733
1
bdg-hdd 1992
734
1
jfh-hde 1992
735
1
bbha-hdf 1992
736
1
dac-hdg 1992
737
1
ihb-hdh 1992
738
1
bic-hdi 1992
739
1
bci-hdj 1992
740
1
jb-hea 1992
741
1
bji-heb 1992
742
1
beh-hec 1992
743
1
ffe-hed 1992
744
1
idh-hee 1992
745
1
bfch-hef 1992
746
1
ega-heg 1992
747
1
ecf-heh 1992
748
1
if-hei 1992
749
1
cec-hej 1992
750
1
hbc-hfa 1992
751
1
ghg-hfb 1992
752
1
gab-hfc 1992
753
1
bad-hfd 1992
754
1
gac-hfe 1992
755
1
hge-hff 1992
756
1
ij-hfg 1992
757
1
ede-hfh 1992
758
1
dde-hfi 1992
759
1
bfhi-hfj 1992
760
1
jcj-hga 1992
761
1
hfc-hgb 1992
762
1
fia-hgc 1992
763
1
bedb-hgd 1992
764
1
efg-hge 1992
765
1
bci-hgf 1992
766
1
baib-hgg 1992
767
1
heh-hgh 1992
768
1
hah-hgi 1992
769
1
bbjj-hgj 1992
770
1
baad-hha 1992
771
1
dfa-hhb 1992
772
1
iad-hhc 1992
773
1
gj-hhd 1992
774
1
eff-hhe 1992
775
1
bafj-hhf 1992
776
1
dgd-hhg 1992
777
1
ebd-hhh 1992
778
1
jdd-hhi 1992
779
1
beb-hhj 1992
780
1
dbf-hia 1992
781
1
ccc-hib 1992
782
1
chh-hic 1992
783
1
bgdg-hid 1992
784
1
e-hie 1992
785
1
fje-hif 1992
786
1
che-hig 1992
787
1
iaf-hih 1992
788
1
jaj-hii 1992
789
1
bbbd-hij 1992
790
1
gbd-hja 1992
791
1
cfh-hjb 1992
792
1
ifd-hjc 1992
793
1
bbd-hjd 1992
794
1
bdja-hje 1992
795
1
dj-hjf 1992
796
1
gdj-hjg 1992
797
1
bcg-hjh 1992
798
1
bba-hji 1992
799
1
baic-hjj 1992
800
1
cij-iaa 1992
801
1
cdh-iab 1992
802
1
hia-iac 1992
803
1
cgd-iad 1992
804
1
cib-iae 1992
805
1
gjf-iaf 1992
806
1
gj-iag 1992
807
1
heh-iah 1992
808
1
gf-iai 1992
809
1
gbh-iaj 1992
810
1
bcb-iba 1992
811
1
bead-ibb 1992
812
1
bbgf-ibc 1992
813
1
cig-ibd 1992
814
1
fba-ibe 1992
815
1
dje-ibf 1992
816
1
ceb-ibg 1992
817
1
eja-ibh 1992
818
1
jib-ibi 1992
819
1
hae-ibj 1992
820
1
becf-ica 1992
821
1
fhj-icb 1992
822
1
edb-icc 1992
823
1
eig-icd 1992
824
1
jfh-ice 1992
825
1
bcha-icf 1992
826
1
h-icg 1992
827
1
djd-ich 1992
828
1
dfa-ici 1992
829
1
hbe-icj 1992
830
1
bhf-ida 1992
831
1
jhh-idb 1992
832
1
gjg-idc 1992
833
1
bbah-idd 1992
834
1
fgc-ide 1992
835
1
jhi-idf 1992
836
1
ic-idg 1992
837
1
bad-idh 1992
838
1
baeh-idi 1992
839
1
bcc-idj 1992
840
1
chb-iea 1992
841
1
fhb-ieb 1992
842
1
hfg-iec 1992
843
1
hhb-ied 1992
844
1
efc-iee 1992
845
1
hag-ief 1992
846
1
fab-ieg 1992
847
1
bchj-ieh 1992
848
1
behf-iei 1992
849
1
bdi-iej 1992
850
1
ccc-ifa 1992
851
1
fgh-ifb 1992
852
1
gfa-ifc 1992
853
1
bbhd-ifd 1992
854
1
fhh-ife 1992
855
1
fb-iff 1992
856
1
hdh-ifg 1992
857
1
cbf-ifh 1992
858
1
bcci-ifi 1992
859
1
chb-ifj 1992
860
1
dcd-iga 1992
861
1
gb-igb 1992
862
1
gh-igc 1992
863
1
ife-igd 1992
864
1
ffg-ige 1992
865
1
egi-igf 1992
866
1
ejj-igg 1992
867
1
hag-igh 1992
868
1
gag-igi 1992
869
1
dde-igj 1992
870
1
bbfe-iha 1992
871
1
eii-ihb 1992
872
1
eba-ihc 1992
873
1
bfa-ihd 1992
874
1
hdi-ihe 1992
875
1
ijj-ihf 1992
876
1
bcj-ihg 1992
877
1
eef-ihh 1992
878
1
jg-ihi 1992
879
1
cef-ihj 1992
880
1
hfh-iia 1992
881
1
bge-iib 1992
882
1
fag-iic 1992
883
1
cej-iid 1992
884
1
jee-iie 1992
885
1
hif-iif 1992
886
1
cde-iig 1992
887
1
hbj-iih 1992
888
1
bbib-iii 1992
889
1
fih-iij 1992
890
1
bib-ija 1992
891
1
ega-ijb 1992
892
1
cgi-ijc 1992
893
1
beda-ijd 1992
894
1
ffh-ije 1992
895
1
cai-ijf 1992
896
1
cgi-ijg 1992
897
1
hhg-ijh 1992
898
1
gd-iji 1992
899
1
cff-ijj 1992
900
1
cf-jaa 1992
901
1
jdi-jab 1992
902
1
hca-jac 1992
903
1
djc-jad 1992
904
1
ee-jae 1992
905
1
fjj-jaf 1992
906
1
cbc-jag 1992
907
1
cfe-jah 1992
908
1
bbbg-jai 1992
909
1
iic-jaj 1992
910
1
cgd-jba 1992
911
1
bde-jbb 1992
912
1
gbg-jbc 1992
913
1
dij-jbd 1992
914
1
fbj-jbe 1992
915
1
jbe-jbf 1992
916
1
ehd-jbg 1992
917
1
bji-jbh 1992
918
1
bdcc-jbi 1992
919
1
hdc-jbj 1992
920
1
jde-jca 1992
921
1
hhf-jcb 1992
922
1
fej-jcc 1992
923
1
ied-jcd 1992
924
1
bafi-jce 1992
925
1
igj-jcf 1992
926
1
hjb-jcg 1992
927
1
hhh-jch 1992
928
1
hhe-jci 1992
929
1
bch-jcj 1992
930
1
bchb-jda 1992
931
1
cgf-jdb 1992
932
1
iib-jdc 1992
933
1
dic-jdd 1992
934
1
bi-jde 1992
935
1
cbe-jdf 1992
936
1
ibi-jdg 1992
937
1
ea-jdh 1992
938
1
dfb-jdi 1992
939
1
eic-jdj 1992
940
1
ef-jea 1992
941
1
dha-jeb 1992
942
1
badg-jec 1992
943
1
djc-jed 1992
944
1
cfg-jee 1992
945
1
badj-jef 1992
946
1
bbj-jeg 1992
947
1
bbgj-jeh 1992
948
1
jja-jei 1992
949
1
fgj-jej 1992
950
1
iec-jfa 1992
951
1
cge-jfb 1992
952
1
egb-jfc 1992
953
1
babc-jfd 1992
954
1
bcif-jfe 1992
955
1
fa-jff 1992
956
1
bccb-jfg 1992
957
1
fdf-jfh 1992
958
1
befa-jfi 1992
959
1
bdhe-jfj 1992
960
1
bagg-jga 1992
961
1
idg-jgb 1992
962
1
cfa-jgc 1992
963
1
cac-jgd 1992
964
1
bcgj-jge 1992
965
1
fbf-jgf 1992
966
1
heh-jgg 1992
967
1
jcb-jgh 1992
968
1
iae-jgi 1992
969
1
eca-jgj 1992
970
1
efh-jha 1992
971
1
ejg-jhb 1992
972
1
hei-jhc 1992
973
1
cff-jhd 1992
974
1
fif-jhe 1992
975
1
bajj-jhf 1992
976
1
bfei-jhg 1992
977
1
hb-jhh 1992
978
1
bcj-jhi 1992
979
1
fda-jhj 1992
980
1
baac-jia 1992
981
1
iac-jib 1992
982
1
ija-jic 1992
983
1
bgfj-jid 1992
984
1
baih-jie 1992
985
1
dge-jif 1992
986
1
gha-jig 1992
987
1
bfa-jih 1992
988
1
cei-jii 1992
989
1
ge-jij 1992
990
1
idh-jja 1992
991
1
cjc-jjb 1992
992
1
jhg-jjc 1992
993
1
daj-jjd 1992
994
1
bbcg-jje 1992
995
1
ccf-jjf 1992
996
1
gfc-jjg 1992
997
1
geh-jjh 1992
998
1
hef-jji 1992
999
1
baea-jjj 1992
1000
1
fgi-baaa 1992
1001
1
bc-baab 1992
1002
1
egc-baac 1992
1003
1
ehj-baad 1992
1004
1
dib-baae 1992
1005
1
badg-baaf 1992
1006
1
jci-baag 1992
1007
1
jab-baah 1992
1008
1
igj-baai 1992
1009
1
ceb-baaj 1992
1010
1
bbfb-baba 1992
1011
1
ggi-babb 1992
1012
1
ege-babc 1992
1013
1
bddi-babd 1992
1014
1
ije-babe 1992
1015
1
ceg-babf 1992
1016
1
bbdj-babg 1992
1017
1
cbg-babh 1992
1018
1
he-babi 1992
1019
1
dhb-babj 1992
1020
1
igh-baca 1992
1021
1
jg-bacb 1992
1022
1
hbc-bacc 1992
1023
1
jgf-bacd 1992
1024
1
dhb-bace 1992
1025
1
ifd-bacf 1992
1026
1
cja-bacg 1992
1027
1
baag-bach 1992
1028
1
egi-baci 1992
1029
1
ibj-bacj 1992
1030
1
bbcf-bada 1992
1031
1
bddf-badb 1992
1032
1
ifg-badc 1992
1033
1
gh-badd 1992
1034
1
ega-bade 1992
1035
1
bhf-badf 1992
1036
1
bbbf-badg 1992
1037
1
fhe-badh 1992
1038
1
ghg-badi 1992
1039
1
ff-badj 1992
1040
1
he-baea 1992
1041
1
fd-baeb 1992
1042
1
bcac-baec 1992
1043
1
djc-baed 1992
1044
1
baeg-baee 1992
1045
1
fi-baef 1992
1046
1
ccc-baeg 1992
1047
1
bbeg-baeh 1992
1048
1
bcig-baei 1992
1049
1
dgg-baej 1992
1050
1
dgj-bafa 1992
1051
1
baah-bafb 1992
1052
1
hii-bafc 1992
1053
1
fei-bafd 1992
1054
1
dhc-bafe 1992
1055
1
hcj-baff 1992
1056
1
fdd-bafg 1992
1057
1
jbd-bafh 1992
1058
1
bbgf-bafi 1992
1059
1
gfi-bafj 1992
1060
1
bdge-baga 1992
1061
1
dfb-bagb 1992
1062
1
gie-bagc 1992
1063
1
hgd-bagd 1992
1064
1
bbcj-bage 1992
1065
1
bgd-bagf 1992
1066
1
baie-bagg 1992
1067
1
jbd-bagh 1992
1068
1
igf-bagi 1992
1069
1
jhd-bagj 1992
1070
1
fbg-baha 1992
1071
1
cgc-bahb 1992
1072
1
fcj-bahc 1992
1073
1
behd-bahd 1992
1074
1
iaa-bahe 1992
1075
1
ffi-bahf 1992
1076
1
gjc-bahg 1992
1077
1
hea-bahh 1992
1078
1
ia-bahi 1992
1079
1
fbe-bahj 1992
1080
1
jif-baia 1992
1081
1
hih-baib 1992
1082
1
bcgg-baic 1992
1083
1
ib-baid 1992
1084
1
chg-baie 1992
1085
1
jcb-baif 1992
1086
1
edd-baig 1992
1087
1
bcgf-baih 1992
1088
1
ffj-baii 1992
1089
1
bha-baij 1992
1090
1
bif-baja 1992
1091
1
ji-bajb 1992
1092
1
bbae-bajc 1992
1093
1
bfjc-bajd 1992
1094
1
bdab-baje 1992
1095
1
bcje-bajf 1992
1096
1
cgf-bajg 1992
1097
1
bia-bajh 1992
1098
1
bhf-baji 1992
1099
1
eci-bajj 1992
1100
1
bcfa-bbaa 1992
1101
1
cde-bbab 1992
1102
1
dce-bbac 1992
1103
1
bbbd-bbad 1992
1104
1
bcfc-bbae 1992
1105
1
hhg-bbaf 1992
1106
1
bcbd-bbag 1992
1107
1
cja-bbah 1992
1108
1
ebe-bbai 1992
1109
1
ich-bbaj 1992
1110
1
jid-bbba 1992
1111
1
hed-bbbb 1992
1112
1
dff-bbbc 1992
1113
1
baec-bbbd 1992
1114
1
bccj-bbbe 1992
1115
1
faj-bbbf 1992
1116
1
ief-bbbg 1992
1117
1
ehg-bbbh 1992
1118
1
bac-bbbi 1992
1119
1
big-bbbj 1992
1120
1
bdd-bbca 1992
1121
1
jfd-bbcb 1992
1122
1
hbd-bbcc 1992
1123
1
jjd-bbcd 1992
1124
1
iff-bbce 1992
1125
1
fhc-bbcf 1992
1126
1
bdid-bbcg 1992
1127
1
icb-bbch 1992
1128
1
babh-bbci 1992
1129
1
bbbb-bbcj 1992
1130
1
bh-bbda 1992
1131
1
bbf-bbdb 1992
1132
1
jh-bbdc 1992
1133
1
bij-bbdd 1992
1134
1
jif-bbde 1992
1135
1
gbc-bbdf 1992
1136
1
bid-bbdg 1992
1137
1
bcjd-bbdh 1992
1138
1
hbh-bbdi 1992
1139
1
ghi-bbdj 1992
1140
1
df-bbea 1992
1141
1
bbde-bbeb 1992
1142
1
cai-bbec 1992
1143
1
ebg-bbed 1992
1144
1
gcj-bbee 1992
1145
1
fjf-bbef 1992
1146
1
bcjg-bbeg 1992
1147
1
ghj-bbeh 1992
1148
1
eif-bbei 1992
1149
1
bcbb-bbej 1992
1150
1
jf-bbfa 1992
1151
1
baji-bbfb 1992
1152
1
hbe-bbfc 1992
1153
1
eaa-bbfd 1992
1154
1
chg-bbfe 1992
1155
1
jig-bbff 1992
1156
1
bcjh-bbfg 1992
1157
1
efd-bbfh 1992
1158
1
bbej-bbfi 1992
1159
1
bcid-bbfj 1992
1160
1
jbc-bbga 1992
1161
1
jff-bbgb 1992
1162
1
bafa-bbgc 1992
1163
1
bgag-bbgd 1992
1164
1
hdf-bbge 1992
1165
1
fcj-bbgf 1992
1166
1
ca-bbgg 1992
1167
1
bcfe-bbgh 1992
1168
1
jgi-bbgi 1992
1169
1
eah-bbgj 1992
1170
1
fbe-bbha 1992
1171
1
iec-bbhb 1992
1172
1
bca-bbhc 1992
1173
1
j-bbhd 1992
1174
1
gfe-bbhe 1992
1175
1
baif-bbhf 1992
1176
1
bai-bbhg 1992
1177
1
eea-bbhh 1992
1178
1
hgi-bbhi 1992
1179
1
c-bbhj 1992
1180
1
ei-bbia 1992
1181
1
bdi-bbib 1992
1182
1
iab-bbic 1992
1183
1
bbdd-bbid 1992
1184
1
bbhj-bbie 1992
1185
1
bij-bbif 1992
1186
1
cig-bbig 1992
1187
1
bfd-bbih 1992
1188
1
jhc-bbii 1992
1189
1
cdd-bbij 1992
1190
1
bacb-bbja 1992
1191
1
gje-bbjb 1992
1192
1
bhc-bbjc 1992
1193
1
jig-bbjd 1992
1194
1
cbd-bbje 1992
1195
1
dji-bbjf 1992
1196
1
bagj-bbjg 1992
1197
1
jih-bbjh 1992
1198
1
hhi-bbji 1992
1199
1
cig-bbjj 1992
1200
1
bgb-bcaa 1992
1201
1
bchi-bcab 1992
1202
1
fa-bcac 1992
1203
1
bahe-bcad 1992
1204
1
ibg-bcae 1992
1205
1
jh-bcaf 1992
1206
1
babb-bcag 1992
1207
1
dhh-bcah 1992
1208
1
bej-bcai 1992
1209
1
bbji-bcaj 1992
1210
1
ejb-bcba 1992
1211
1
hag-bcbb 1992
1212
1
bbai-bcbc 1992
1213
1
baca-bcbd 1992
1214
1
bdd-bcbe 1992
1215
1
igc-bcbf 1992
1216
1
behc-bcbg 1992
1217
1
bhg-bcbh 1992
1218
1
bfcf-bcbi 1992
1219
1
hgc-bcbj 1992
1220
1
hf-bcca 1992
1221
1
bcag-bccb 1992
1222
1
edj-bccc 1992
1223
1
behg-bccd 1992
1224
1
iib-bcce 1992
1225
1
bfhd-bccf 1992
1226
1
begg-bccg 1992
1227
1
hjg-bcch 1992
1228
1
bcae-bcci 1992
1229
1
dci-bccj 1992
1230
1
ijd-bcda 1992
1231
1
bddd-bcdb 1992
1232
1
bfga-bcdc 1992
1233
1
bbfh-bcdd 1992
1234
1
bcha-bcde 1992
1235
1
bbef-bcdf 1992
1236
1
chc-bcdg 1992
1237
1
faf-bcdh 1992
1238
1
hee-bcdi 1992
1239
1
fdb-bcdj 1992
1240
1
bbhj-bcea 1992
1241
1
bfcf-bceb 1992
1242
1
dgj-bcec 1992
1243
1
bbbc-bced 1992
1244
1
ejh-bcee 1992
1245
1
fbj-bcef 1992
1246
1
cca-bceg 1992
1247
1
fab-bceh 1992
1248
1
bci-bcei 1992
1249
1
gif-bcej 1992
1250
1
djh-bcfa 1992
1251
1
gbc-bcfb 1992
1252
1
jbj-bcfc 1992
1253
1
jeh-bcfd 1992
1254
1
jh-bcfe 1992
1255
1
iie-bcff 1992
1256
1
fjj-bcfg 1992
1257
1
egd-bcfh 1992
1258
1
ihe-bcfi 1992
1259
1
bchb-bcfj 1992
1260
1
ghc-bcga 1992
1261
1
eai-bcgb 1992
1262
1
bahc-bcgc 1992
1263
1
bcid-bcgd 1992
1264
1
bddi-bcge 1992
1265
1
bbga-bcgf 1992
1266
1
bfhf-bcgg 1992
1267
1
bdjg-bcgh 1992
1268
1
bge-bcgi 1992
1269
1
cbf-bcgj 1992
1270
1
deh-bcha 1992
1271
1
hhd-bchb 1992
1272
1
cej-bchc 1992
1273
1
bdaf-bchd 1992
1274
1
gcd-bche 1992
1275
1
bfag-bchf 1992
1276
1
hga-bchg 1992
1277
1
bcjb-bchh 1992
1278
1
bcdj-bchi 1992
1279
1
bafi-bchj 1992
1280
1
hid-bcia 1992
1281
1
dde-bcib 1992
1282
1
iji-bcic 1992
1283
1
ged-bcid 1992
1284
1
bebd-bcie 1992
1285
1
bdjb-bcif 1992
1286
1
fae-bcig 1992
1287
1
cae-bcih 1992
1288
1
jeh-bcii 1992
1289
1
ebd-bcij 1992
1290
1
hhd-bcja 1992
1291
1
bcaa-bcjb 1992
1292
1
bbdg-bcjc 1992
1293
1
hdf-bcjd 1992
1294
1
bbfh-bcje 1992
1295
1
fda-bcjf 1992
1296
1
eii-bcjg 1992
1297
1
dch-bcjh 1992
1298
1
dg-bcji 1992
1299
1
bfgi-bcjj 1992
1300
1
eba-bdaa 1992
1301
1
iji-bdab 1992
1302
1
gba-bdac 1992
1303
1
ch-bdad 1992
1304
1
bahi-bdae 1992
1305
1
ga-bdaf 1992
1306
1
badg-bdag 1992
1307
1
beeg-bdah 1992
1308
1
baij-bdai 1992
1309
1
hed-bdaj 1992
1310
1
bbch-bdba 1992
1311
1
jeh-bdbb 1992
1312
1
bcgf-bdbc 1992
1313
1
cdg-bdbd 1992
1314
1
hh-bdbe 1992
1315
1
hf-bdbf 1992
1316
1
hdj-bdbg 1992
1317
1
jhg-bdbh 1992
1318
1
bddc-bdbi 1992
1319
1
gid-bdbj 1992
1320
1
fej-bdca 1992
1321
1
ibj-bdcb 1992
1322
1
baj-bdcc 1992
1323
1
bdgd-bdcd 1992
1324
1
jfc-bdce 1992
1325
1
faa-bdcf 1992
1326
1
bce-bdcg 1992
1327
1
hgc-bdch 1992
1328
1
ci-bdci 1992
1329
1
feb-bdcj 1992
1330
1
bebj-bdda 1992
1331
1
bbbg-bddb 1992
1332
1
dee-bddc 1992
1333
1
bcbf-bddd 1992
1334
1
jif-bdde 1992
1335
1
bbcc-bddf 1992
1336
1
dja-bddg 1992
1337
1
ci-bddh 1992
1338
1
fjg-bddi 1992
1339
1
bj-bddj 1992
1340
1
dc-bdea 1992
1341
1
bdif-bdeb 1992
1342
1
cca-bdec 1992
1343
1
bbbi-bded 1992
1344
1
bcie-bdee 1992
1345
1
hbe-bdef 1992
1346
1
bgfb-bdeg 1992
1347
1
cfc-bdeh 1992
1348
1
bccd-bdei 1992
1349
1
jag-bdej 1992
1350
1
bje-bdfa 1992
1351
1
icf-bdfb 1992
1352
1
bcea-bdfc 1992
1353
1
bec-bdfd 1992
1354
1
gdf-bdfe 1992
1355
1
jga-bdff 1992
1356
1
bib-bdfg 1992
1357
1
bacc-bdfh 1992
1358
1
becc-bdfi 1992
1359
1
ij-bdfj 1992
1360
1
ihf-bdga 1992
1361
1
fca-bdgb 1992
1362
1
bcbd-bdgc 1992
1363
1
gbc-bdgd 1992
1364
1
baej-bdge 1992
1365
1
bfbe-bdgf 1992
1366
1
fbh-bdgg 1992
1367
1
eea-bdgh 1992
1368
1
bdjb-bdgi 1992
1369
1
hhh-bdgj 1992
1370
1
daj-bdha 1992
1371
1
haf-bdhb 1992
1372
1
jei-bdhc 1992
1373
1
bcbg-bdhd 1992
1374
1
baia-bdhe 1992
1375
1
bcdh-bdhf 1992
1376
1
efd-bdhg 1992
1377
1
eii-bdhh 1992
1378
1
ihe-bdhi 1992
1379
1
iah-bdhj 1992
1380
1
bgff-bdia 1992
1381
1
bcfi-bdib 1992
1382
1
hhg-bdic 1992
1383
1
beh-bdid 1992
1384
1
igc-bdie 1992
1385
1
fgc-bdif 1992
1386
1
bajc-bdig 1992
1387
1
ijf-bdih 1992
1388
1
fbg-bdii 1992
1389
1
fbg-bdij 1992
1390
1
bbhb-bdja 1992
1391
1
bchd-bdjb 1992
1392
1
bfbb-bdjc 1992
1393
1
eca-bdjd 1992
1394
1
bbjb-bdje 1992
1395
1
jig-bdjf 1992
1396
1
bdef-bdjg 1992
1397
1
bfdf-bdjh 1992
1398
1
bej-bdji 1992
1399
1
bccf-bdjj 1992
1400
1
eeb-beaa 1992
1401
1
bdde-beab 1992
1402
1
cej-beac 1992
1403
1
bafg-bead 1992
1404
1
bdch-beae 1992
1405
1
geb-beaf 1992
1406
1
cci-beag 1992
1407
1
jie-beah 1992
1408
1
ida-beai 1992
1409
1
bcea-beaj 1992
1410
1
bbcb-beba 1992
1411
1
bgf-bebb 1992
1412
1
bbah-bebc 1992
1413
1
babc-bebd 1992
1414
1
bccd-bebe 1992
1415
1
bbfj-bebf 1992
1416
1
idj-bebg 1992
1417
1
bbgc-bebh 1992
1418
1
fad-bebi 1992
1419
1
bbec-bebj 1992
1420
1
jjf-beca 1992
1421
1
bfbj-becb 1992
1422
1
haf-becc 1992
1423
1
fba-becd 1992
1424
1
fii-bece 1992
1425
1
hce-becf 1992
1426
1
bagi-becg 1992
1427
1
dfj-bech 1992
1428
1
bbgj-beci 1992
1429
1
hec-becj 1992
1430
1
bfhh-beda 1992
1431
1
bebd-bedb 1992
1432
1
bfaj-bedc 1992
1433
1
ceg-bedd 1992
1434
1
hf-bede 1992
1435
1
ebh-bedf 1992
1436
1
ehj-bedg 1992
1437
1
che-bedh 1992
1438
1
iib-bedi 1992
1439
1
igd-bedj 1992
1440
1
eii-beea 1992
1441
1
bbee-beeb 1992
1442
1
jba-beec 1992
1443
1
hfi-beed 1992
1444
1
hhc-beee 1992
1445
1
icf-beef 1992
1446
1
he-beeg 1992
1447
1
bdgc-beeh 1992
1448
1
bdcg-beei 1992
1449
1
cge-beej 1992
1450
1
dba-befa 1992
1451
1
babd-befb 1992
1452
1
bchf-befc 1992
1453
1
iia-befd 1992
1454
1
fif-befe 1992
1455
1
hc-beff 1992
1456
1
bah-befg 1992
1457
1
heh-befh 1992
1458
1
bahf-befi 1992
1459
1
bdgc-befj 1992
1460
1
gca-bega 1992
1461
1
iie-begb 1992
1462
1
ghf-begc 1992
1463
1
bdgi-begd 1992
1464
1
bdci-bege 1992
1465
1
dfc-begf 1992
1466
1
ifb-begg 1992
1467
1
eac-begh 1992
1468
1
cff-begi 1992
1469
1
bbfb-begj 1992
1470
1
hcj-beha 1992
1471
1
bfdh-behb 1992
1472
1
ifa-behc 1992
1473
1
eda-behd 1992
1474
1
ihd-behe 1992
1475
1
hdf-behf 1992
1476
1
iei-behg 1992
1477
1
bcgg-behh 1992
1478
1
bgde-behi 1992
1479
1
dcd-behj 1992
1480
1
ffd-beia 1992
1481
1
bdaj-beib 1992
1482
1
bbb-beic 1992
1483
1
bdje-beid 1992
1484
1
cgc-beie 1992
1485
1
cii-beif 1992
1486
1
baf-beig 1992
1487
1
dcc-beih 1992
1488
1
cbe-beii 1992
1489
1
bah-beij 1992
1490
1
cid-beja 1992
1491
1
bace-bejb 1992
1492
1
bbhj-bejc 1992
1493
1
badc-bejd 1992
1494
1
baag-beje 1992
1495
1
jhi-bejf 1992
1496
1
bcag-bejg 1992
1497
1
bdaa-bejh 1992
1498
1
dcf-beji 1992
1499
1
cdg-bejj 1992
1500
1
bhf-bfaa 1992
1501
1
fbi-bfab 1992
1502
1
gfc-bfac 1992
1503
1
jhc-bfad 1992
1504
1
bfah-bfae 1992
1505
1
hbb-bfaf 1992
1506
1
bdad-bfag 1992
1507
1
jbf-bfah 1992
1508
1
bcaj-bfai 1992
1509
1
bcjd-bfaj 1992
1510
1
bdgg-bfba 1992
1511
1
hda-bfbb 1992
1512
1
ijd-bfbc 1992
1513
1
fia-bfbd 1992
1514
1
behh-bfbe 1992
1515
1
efe-bfbf 1992
1516
1
hih-bfbg 1992
1517
1
f-bfbh 1992
1518
1
jjc-bfbi 1992
1519
1
beif-bfbj 1992
1520
1
ghc-bfca 1992
1521
1
gfa-bfcb 1992
1522
1
gga-bfcc 1992
1523
1
bcdc-bfcd 1992
1524
1
jh-bfce 1992
1525
1
bca-bfcf 1992
1526
1
cjc-bfcg 1992
1527
1
bafe-bfch 1992
1528
1
fjb-bfci 1992
1529
1
dif-bfcj 1992
1530
1
bgce-bfda 1992
1531
1
iih-bfdb 1992
1532
1
bfbc-bfdc 1992
1533
1
bcgh-bfdd 1992
1534
1
jgf-bfde 1992
1535
1
ddf-bfdf 1992
1536
1
bdfi-bfdg 1992
1537
1
bdec-bfdh 1992
1538
1
ihc-bfdi 1992
1539
1
dgg-bfdj 1992
1540
1
jdg-bfea 1992
1541
1
ggf-bfeb 1992
1542
1
bdge-bfec 1992
1543
1
iea-bfed 1992
1544
1
fhi-bfee 1992
1545
1
faa-bfef 1992
1546
1
dfb-bfeg 1992
1547
1
fdc-bfeh 1992
1548
1
cbf-bfei 1992
1549
1
bdia-bfej 1992
1550
1
iab-bffa 1992
1551
1
bda-bffb 1992
1552
1
iai-bffc 1992
1553
1
egi-bffd 1992
1554
1
jai-bffe 1992
1555
1
becg-bfff 1992
1556
1
gci-bffg 1992
1557
1
ghi-bffh 1992
1558
1
ed-bffi 1992
1559
1
eda-bffj 1992
1560
1
bfj-bfga 1992
1561
1
beif-bfgb 1992
1562
1
bdac-bfgc 1992
1563
1
ihj-bfgd 1992
1564
1
chj-bfge 1992
1565
1
bgga-bfgf 1992
1566
1
ec-bfgg 1992
1567
1
bbie-bfgh 1992
1568
1
fea-bfgi 1992
1569
1
bdd-bfgj 1992
1570
1
cga-bfha 1992
1571
1
bhg-bfhb 1992
1572
1
dgd-bfhc 1992
1573
1
bdgb-bfhd 1992
1574
1
bfi-bfhe 1992
1575
1
ded-bfhf 1992
1576
1
ibi-bfhg 1992
1577
1
ibh-bfhh 1992
1578
1
ice-bfhi 1992
1579
1
gih-bfhj 1992
1580
1
df-bfia 1992
1581
1
bdca-bfib 1992
1582
1
bgfg-bfic 1992
1583
1
hfa-bfid 1992
1584
1
ceh-bfie 1992
1585
1
caa-bfif 1992
1586
1
bceb-bfig 1992
1587
1
cif-bfih 1992
1588
1
edc-bfii 1992
1589
1
gih-bfij 1992
1590
1
bie-bfja 1992
1591
1
icj-bfjb 1992
1592
1
bej-bfjc 1992
1593
1
bajd-bfjd 1992
1594
1
bfba-bfje 1992
1595
1
cdg-bfjf 1992
1596
1
bdej-bfjg 1992
1597
1
bcga-bfjh 1992
1598
1
bebd-bfji 1992
1599
1
hhg-bfjj 1992
1600
1
bcdd-bgaa 1992
1601
1
fga-bgab 1992
1602
1
babg-bgac 1992
1603
1
bdba-bgad 1992
1604
1
bajd-bgae 1992
1605
1
beab-bgaf 1992
1606
1
bed-bgag 1992
1607
1
bdhi-bgah 1992
1608
1
baji-bgai 1992
1609
1
egb-bgaj 1992
1610
1
ddd-bgba 1992
1611
1
dib-bgbb 1992
1612
1
bba-bgbc 1992
1613
1
bfb-bgbd 1992
1614
1
bfhe-bgbe 1992
1615
1
bbfa-bgbf 1992
1616
1
dff-bgbg 1992
1617
1
bgfh-bgbh 1992
1618
1
bfjc-bgbi 1992
1619
1
cbj-bgbj 1992
1620
1
hjh-bgca 1992
1621
1
icd-bgcb 1992
1622
1
dga-bgcc 1992
1623
1
djf-bgcd 1992
1624
1
bacd-bgce 1992
1625
1
cib-bgcf 1992
1626
1
cba-bgcg 1992
1627
1
cga-bgch 1992
1628
1
hje-bgci 1992
1629
1
beeg-bgcj 1992
1630
1
bcai-bgda 1992
1631
1
jdd-bgdb 1992
1632
1
gbb-bgdc 1992
1633
1
bhf-bgdd 1992
1634
1
beic-bgde 1992
1635
1
bbia-bgdf 1992
1636
1
baf-bgdg 1992
1637
1
hhh-bgdh 1992
1638
1
bach-bgdi 1992
1639
1
jdb-bgdj 1992
1640
1
bcia-bgea 1992
1641
1
ega-bgeb 1992
1642
1
djd-bgec 1992
1643
1
behi-bged 1992
1644
1
hjf-bgee 1992
1645
1
fed-bgef 1992
1646
1
baca-bgeg 1992
1647
1
bece-bgeh 1992
1648
1
bgca-bgei 1992
1649
1
jej-bgej 1992
1650
1
bddj-bgfa 1992
1651
1
bhh-bgfb 1992
1652
1
bfjg-bgfc 1992
1653
1
gif-bgfd 1992
1654
1
bfcf-bgfe 1992
1655
1
bcgh-bgff 1992
1656
1
bce-bgfg 1992
1657
1
bgbi-bgfh 1992
1658
1
bie-bgfi 1992
1659
1
eef-bgfj 1992
1660
1
bdhi-bgga 1992
1661
1
bdhg-bggb 1992
